Tue, 20 Oct 2015 21:21:32 +0800	[2]Missing argument 1 for Message::display(), called in D:\phpStudy\WWW\www.600gou.com\eccore\controller\message.base.php on line 93 and defined	\eccore\controller\message.base.php	297
Tue, 20 Oct 2015 21:22:19 +0800	[2]Missing argument 1 for Message::display(), called in D:\phpStudy\WWW\www.600gou.com\eccore\controller\message.base.php on line 93 and defined	\eccore\controller\message.base.php	297
Tue, 20 Oct 2015 21:22:57 +0800	[2]Missing argument 1 for Message::display(), called in D:\phpStudy\WWW\www.600gou.com\eccore\controller\message.base.php on line 93 and defined	\eccore\controller\message.base.php	297
Tue, 20 Oct 2015 21:23:36 +0800	[2]Missing argument 1 for BackendApp::jslang(), called in D:\phpStudy\WWW\www.600gou.com\eccore\controller\app.base.php on line 127 and defined	\admin\app\backend.base.php	123
Tue, 20 Oct 2015 21:23:38 +0800	[2]Missing argument 1 for BackendApp::jslang(), called in D:\phpStudy\WWW\www.600gou.com\eccore\controller\app.base.php on line 127 and defined	\admin\app\backend.base.php	123
Tue, 20 Oct 2015 21:25:39 +0800	[2]Missing argument 1 for FrontendApp::jslang(), called in D:\phpStudy\WWW\www.600gou.com\eccore\controller\app.base.php on line 127 and defined	\app\frontend.base.php	262
Tue, 20 Oct 2015 21:30:07 +0800	[2]Missing argument 1 for FrontendApp::jslang(), called in D:\phpStudy\WWW\www.600gou.com\eccore\controller\app.base.php on line 127 and defined	\app\frontend.base.php	262
Tue, 20 Oct 2015 21:30:12 +0800	[2]Missing argument 1 for FrontendApp::jslang(), called in D:\phpStudy\WWW\www.600gou.com\eccore\controller\app.base.php on line 127 and defined	\app\frontend.base.php	262
Tue, 20 Oct 2015 21:30:19 +0800	[2]Missing argument 1 for FrontendApp::jslang(), called in D:\phpStudy\WWW\www.600gou.com\eccore\controller\app.base.php on line 127 and defined	\app\frontend.base.php	262
Tue, 20 Oct 2015 21:30:29 +0800	[2]Missing argument 1 for FrontendApp::jslang(), called in D:\phpStudy\WWW\www.600gou.com\eccore\controller\app.base.php on line 127 and defined	\app\frontend.base.php	262
Tue, 20 Oct 2015 21:30:33 +0800	[2]Missing argument 1 for FrontendApp::jslang(), called in D:\phpStudy\WWW\www.600gou.com\eccore\controller\app.base.php on line 127 and defined	\app\frontend.base.php	262
Tue, 20 Oct 2015 21:30:48 +0800	[2]Missing argument 1 for FrontendApp::jslang(), called in D:\phpStudy\WWW\www.600gou.com\eccore\controller\app.base.php on line 127 and defined	\app\frontend.base.php	262
Tue, 20 Oct 2015 21:30:51 +0800	[2]Missing argument 1 for FrontendApp::jslang(), called in D:\phpStudy\WWW\www.600gou.com\eccore\controller\app.base.php on line 127 and defined	\app\frontend.base.php	262
Tue, 20 Oct 2015 21:30:58 +0800	[2]Missing argument 1 for FrontendApp::jslang(), called in D:\phpStudy\WWW\www.600gou.com\eccore\controller\app.base.php on line 127 and defined	\app\frontend.base.php	262
Tue, 20 Oct 2015 21:31:01 +0800	[2]Missing argument 1 for FrontendApp::jslang(), called in D:\phpStudy\WWW\www.600gou.com\eccore\controller\app.base.php on line 127 and defined	\app\frontend.base.php	262
Tue, 20 Oct 2015 21:55:29 +0800	[2]Missing argument 1 for FrontendApp::jslang(), called in D:\phpStudy\WWW\www.600gou.com\wwwroot\eccore\controller\app.base.php on line 127 and defined	\app\frontend.base.php	262
Tue, 20 Oct 2015 21:55:39 +0800	[2]Missing argument 1 for FrontendApp::jslang(), called in D:\phpStudy\WWW\www.600gou.com\wwwroot\eccore\controller\app.base.php on line 127 and defined	\app\frontend.base.php	262
Tue, 20 Oct 2015 21:55:47 +0800	[2]Missing argument 1 for FrontendApp::jslang(), called in D:\phpStudy\WWW\www.600gou.com\wwwroot\eccore\controller\app.base.php on line 127 and defined	\app\frontend.base.php	262
Tue, 20 Oct 2015 21:55:51 +0800	[2]Missing argument 1 for FrontendApp::jslang(), called in D:\phpStudy\WWW\www.600gou.com\wwwroot\eccore\controller\app.base.php on line 127 and defined	\app\frontend.base.php	262
Tue, 20 Oct 2015 22:05:28 +0800	[2]Missing argument 1 for BackendApp::jslang(), called in D:\phpStudy\WWW\www.600gou.com\wwwroot\eccore\controller\app.base.php on line 127 and defined	\admin\app\backend.base.php	123
Tue, 20 Oct 2015 22:16:01 +0800	[2]Missing argument 1 for BackendApp::jslang(), called in D:\phpStudy\WWW\www.600gou.com\wwwroot\eccore\controller\app.base.php on line 127 and defined	\admin\app\backend.base.php	123
Tue, 20 Oct 2015 22:16:08 +0800	[2]Missing argument 1 for BackendApp::jslang(), called in D:\phpStudy\WWW\www.600gou.com\wwwroot\eccore\controller\app.base.php on line 127 and defined	\admin\app\backend.base.php	123
Tue, 20 Oct 2015 22:16:12 +0800	[2]array_merge() [<a href='function.array-merge'>function.array-merge</a>]: Argument #2 is not an array	\eccore\ecmall.php	245
Tue, 20 Oct 2015 22:20:30 +0800	[2]Missing argument 1 for BackendApp::jslang(), called in D:\phpStudy\WWW\www.600gou.com\wwwroot\eccore\controller\app.base.php on line 127 and defined	\admin\app\backend.base.php	123
Tue, 20 Oct 2015 22:20:36 +0800	[2]Missing argument 1 for BackendApp::jslang(), called in D:\phpStudy\WWW\www.600gou.com\wwwroot\eccore\controller\app.base.php on line 127 and defined	\admin\app\backend.base.php	123
Tue, 20 Oct 2015 22:20:40 +0800	[2]Missing argument 1 for BackendApp::jslang(), called in D:\phpStudy\WWW\www.600gou.com\wwwroot\eccore\controller\app.base.php on line 127 and defined	\admin\app\backend.base.php	123
Tue, 20 Oct 2015 22:21:59 +0800	[2]Missing argument 1 for BackendApp::jslang(), called in D:\phpStudy\WWW\www.600gou.com\wwwroot\eccore\controller\app.base.php on line 127 and defined	\admin\app\backend.base.php	123
Tue, 20 Oct 2015 22:22:00 +0800	[2]Missing argument 1 for BackendApp::jslang(), called in D:\phpStudy\WWW\www.600gou.com\wwwroot\eccore\controller\app.base.php on line 127 and defined	\admin\app\backend.base.php	123
Tue, 20 Oct 2015 22:28:59 +0800	[2]Missing argument 1 for BackendApp::jslang(), called in D:\phpStudy\WWW\www.600gou.com\wwwroot\eccore\controller\app.base.php on line 127 and defined	\admin\app\backend.base.php	123
Tue, 20 Oct 2015 22:29:03 +0800	[2]Missing argument 1 for BackendApp::jslang(), called in D:\phpStudy\WWW\www.600gou.com\wwwroot\eccore\controller\app.base.php on line 127 and defined	\admin\app\backend.base.php	123
Tue, 20 Oct 2015 22:29:35 +0800	[2]Missing argument 1 for BackendApp::jslang(), called in D:\phpStudy\WWW\www.600gou.com\wwwroot\eccore\controller\app.base.php on line 127 and defined	\admin\app\backend.base.php	123
Tue, 20 Oct 2015 22:30:10 +0800	[2]Missing argument 1 for BackendApp::jslang(), called in D:\phpStudy\WWW\www.600gou.com\wwwroot\eccore\controller\app.base.php on line 127 and defined	\admin\app\backend.base.php	123
Tue, 20 Oct 2015 22:30:13 +0800	[2]include(D:\phpStudy\WWW\www.600gou.com\wwwroot/includes/arrayfiles/lb_money.arrayfile.php) [<a href='function.include'>function.include</a>]: failed to open stream: No such file or directory	\includes\global.lib.php	88
Tue, 20 Oct 2015 22:31:01 +0800	[2]include(D:\phpStudy\WWW\www.600gou.com\wwwroot/includes/arrayfiles/lb_money.arrayfile.php) [<a href='function.include'>function.include</a>]: failed to open stream: No such file or directory	\includes\global.lib.php	88
Tue, 20 Oct 2015 22:59:13 +0800	[2]Missing argument 1 for BackendApp::jslang(), called in D:\phpStudy\WWW\www.600gou.com\wwwroot\eccore\controller\app.base.php on line 127 and defined	\admin\app\backend.base.php	123
Tue, 20 Oct 2015 22:59:15 +0800	[2]Missing argument 1 for BackendApp::jslang(), called in D:\phpStudy\WWW\www.600gou.com\wwwroot\eccore\controller\app.base.php on line 127 and defined	\admin\app\backend.base.php	123
Tue, 20 Oct 2015 22:59:18 +0800	[2]Missing argument 1 for BackendApp::jslang(), called in D:\phpStudy\WWW\www.600gou.com\wwwroot\eccore\controller\app.base.php on line 127 and defined	\admin\app\backend.base.php	123
Tue, 20 Oct 2015 22:59:19 +0800	[2]Missing argument 1 for BackendApp::jslang(), called in D:\phpStudy\WWW\www.600gou.com\wwwroot\eccore\controller\app.base.php on line 127 and defined	\admin\app\backend.base.php	123
Wed, 21 Oct 2015 01:04:09 +0800	[2]Missing argument 1 for BackendApp::jslang(), called in D:\phpStudy\WWW\www.600gou.com\wwwroot\eccore\controller\app.base.php on line 127 and defined	\admin\app\backend.base.php	123
Wed, 21 Oct 2015 01:04:10 +0800	[2]Missing argument 1 for BackendApp::jslang(), called in D:\phpStudy\WWW\www.600gou.com\wwwroot\eccore\controller\app.base.php on line 127 and defined	\admin\app\backend.base.php	123
Wed, 21 Oct 2015 01:04:17 +0800	[2]Missing argument 1 for BackendApp::jslang(), called in D:\phpStudy\WWW\www.600gou.com\wwwroot\eccore\controller\app.base.php on line 127 and defined	\admin\app\backend.base.php	123
Wed, 21 Oct 2015 01:44:28 +0800	[2]Missing argument 1 for BackendApp::jslang(), called in D:\phpStudy\WWW\www.600gou.com\wwwroot\eccore\controller\app.base.php on line 127 and defined	\admin\app\backend.base.php	123
Wed, 21 Oct 2015 01:45:23 +0800	[2]Missing argument 1 for BackendApp::jslang(), called in D:\phpStudy\WWW\www.600gou.com\wwwroot\eccore\controller\app.base.php on line 127 and defined	\admin\app\backend.base.php	123
Wed, 21 Oct 2015 01:45:25 +0800	[2]Missing argument 1 for BackendApp::jslang(), called in D:\phpStudy\WWW\www.600gou.com\wwwroot\eccore\controller\app.base.php on line 127 and defined	\admin\app\backend.base.php	123
Wed, 21 Oct 2015 01:45:35 +0800	[2]Missing argument 1 for BackendApp::jslang(), called in D:\phpStudy\WWW\www.600gou.com\wwwroot\eccore\controller\app.base.php on line 127 and defined	\admin\app\backend.base.php	123
Wed, 21 Oct 2015 02:17:11 +0800	[2]Missing argument 1 for BackendApp::jslang(), called in D:\phpStudy\WWW\www.600gou.com\wwwroot\eccore\controller\app.base.php on line 127 and defined	\admin\app\backend.base.php	123
Wed, 21 Oct 2015 02:22:34 +0800	[2]Missing argument 1 for BackendApp::jslang(), called in D:\phpStudy\WWW\www.600gou.com\wwwroot\eccore\controller\app.base.php on line 127 and defined	\admin\app\backend.base.php	123
Wed, 21 Oct 2015 02:22:38 +0800	[256]MySQL Error[1051]: Unknown table 'ecmall__lb_rewardrule_config'
MySQL Query:DROP TABLE ecmall__lb_rewardrule_config
Wrong File:  D:\phpStudy\WWW\www.600gou.com\wwwroot\external\modules\lb_money\uninstall.php[13]	\eccore\model\mysql.php	286
Wed, 21 Oct 2015 02:22:57 +0800	[2]Missing argument 1 for BackendApp::jslang(), called in D:\phpStudy\WWW\www.600gou.com\wwwroot\eccore\controller\app.base.php on line 127 and defined	\admin\app\backend.base.php	123
Wed, 21 Oct 2015 02:22:59 +0800	[256]MySQL Error[1050]: Table 'ecmall_lb_rewardrule_config' already exists
MySQL Query:CREATE TABLE `ecmall_lb_rewardrule_config` (
  `deal_payoff_rate` tinyint(3) NOT NULL DEFAULT '10' COMMENT '交易抽成比例;平台从每笔交易中抽取的比例',
  `profit_assign_rate` tinyint(3) NOT NULL DEFAULT '50' COMMENT '从每日的平台收入中用于分配的比例',
  `reward_rate` tinyint(3) NOT NULL DEFAULT '60' COMMENT '将用户历史消费以该百分比于不确定时间内返还给客户',
  `reward_time` int(10) NOT NULL DEFAULT '0' COMMENT '每天奖励(返现)时间'
) ENGINE=MyISAM DEFAULT CHARSET=utf8 COMMENT='奖励规则（管理员操作）';

Wrong File:  D:\phpStudy\WWW\www.600gou.com\wwwroot\external\modules\lb_money\install.php[59]	\eccore\model\mysql.php	286
Wed, 21 Oct 2015 02:23:06 +0800	[256]MySQL Error[1062]: Duplicate entry 'lb_money' for key 'PRIMARY'
MySQL Query:INSERT INTO ecmall_module(module_id,module_name,module_desc,module_version,enabled) VALUES('lb_money','600商城虚拟金币','用户在线储存后的一种在线上流通的货币,支持提现功能','1.0','1')
Wrong File:  D:\phpStudy\WWW\www.600gou.com\wwwroot\eccore\model\mysql.php[271]	\eccore\model\mysql.php	286
Wed, 21 Oct 2015 02:23:13 +0800	[2]Missing argument 1 for BackendApp::jslang(), called in D:\phpStudy\WWW\www.600gou.com\wwwroot\eccore\controller\app.base.php on line 127 and defined	\admin\app\backend.base.php	123
Wed, 21 Oct 2015 02:23:19 +0800	[2]Missing argument 1 for BackendApp::jslang(), called in D:\phpStudy\WWW\www.600gou.com\wwwroot\eccore\controller\app.base.php on line 127 and defined	\admin\app\backend.base.php	123
Wed, 21 Oct 2015 02:23:27 +0800	[2]Missing argument 1 for BackendApp::jslang(), called in D:\phpStudy\WWW\www.600gou.com\wwwroot\eccore\controller\app.base.php on line 127 and defined	\admin\app\backend.base.php	123
